This is pdfTeX, Version 3.14159265-2.6-1.40.16 (TeX Live 2015) (preloaded format=pdflatex 2015.10.18)  23 NOV 2015 20:41
entering extended mode
 restricted \write18 enabled.
 %&-line parsing enabled.
**chords.tex -recorder
(./chords.tex
LaTeX2e <2015/01/01>
Babel <3.9l> and hyphenation patterns for 21 languages loaded.
! Undefined control sequence.
l.1 \section
            {Akordy}
The control sequence at the end of the top line
of your error message was never \def'ed. If you have
misspelled it (e.g., `\hobx'), type `I' and the correct
spelling (e.g., `I\hbox'). Otherwise just continue,
and I'll forget about whatever was undefined.


! LaTeX Error: Missing \begin{document}.

See the LaTeX manual or LaTeX Companion for explanation.
Type  H <return>  for immediate help.
 ...                                              
                                                  
l.1 \section{A
              kordy}
You're in trouble here.  Try typing  <return>  to proceed.
If that doesn't work, type  X <return>  to quit.

Missing character: There is no A in font nullfont!
Missing character: There is no k in font nullfont!
Missing character: There is no o in font nullfont!
Missing character: There is no r in font nullfont!
Missing character: There is no d in font nullfont!
Missing character: There is no y in font nullfont!

Overfull \hbox (20.0pt too wide) in paragraph at lines 1--3
[] 
 []


! LaTeX Error: \C undefined.

See the LaTeX manual or LaTeX Companion for explanation.
Type  H <return>  for immediate help.
 ...                                              
                                                  
l.5 \renewcommand{\C}
                     {\chord{t}{n,p3,p2,n,p1,n}{C}}
Try typing  <return>  to proceed.
If that doesn't work, type  X <return>  to quit.


! LaTeX Error: \G undefined.

See the LaTeX manual or LaTeX Companion for explanation.
Type  H <return>  for immediate help.
 ...                                              
                                                  
l.14 \renewcommand{\G}
                      {\chord{t}{p3,p2,n,n,n,p3}{G}}
Try typing  <return>  to proceed.
If that doesn't work, type  X <return>  to quit.


! LaTeX Error: Missing \begin{document}.

See the LaTeX manual or LaTeX Companion for explanation.
Type  H <return>  for immediate help.
 ...                                              
                                                  
l.59 $
      $
You're in trouble here.  Try typing  <return>  to proceed.
If that doesn't work, type  X <return>  to quit.


Overfull \hbox (20.0pt too wide) in paragraph at lines 59--59
[] 
 []

LaTeX Font Info:    External font `cmex10' loaded for size
(Font)              <7> on input line 59.
LaTeX Font Info:    External font `cmex10' loaded for size
(Font)              <5> on input line 59.
! Undefined control sequence.
l.61 \upchord
             {\C} \qquad \qquad & \upchord{\D} \qquad \qquad& \upchord{\E} \...
The control sequence at the end of the top line
of your error message was never \def'ed. If you have
misspelled it (e.g., `\hobx'), type `I' and the correct
spelling (e.g., `I\hbox'). Otherwise just continue,
and I'll forget about whatever was undefined.

! Undefined control sequence.
\C ->\chord 
            {t}{n,p3,p2,n,p1,n}{C}
l.61 \upchord{\C
                } \qquad \qquad & \upchord{\D} \qquad \qquad& \upchord{\E} \...
The control sequence at the end of the top line
of your error message was never \def'ed. If you have
misspelled it (e.g., `\hobx'), type `I' and the correct
spelling (e.g., `I\hbox'). Otherwise just continue,
and I'll forget about whatever was undefined.

! Undefined control sequence.
l.61 \upchord{\C} \qquad \qquad & \upchord
                                          {\D} \qquad \qquad& \upchord{\E} \...
The control sequence at the end of the top line
of your error message was never \def'ed. If you have
misspelled it (e.g., `\hobx'), type `I' and the correct
spelling (e.g., `I\hbox'). Otherwise just continue,
and I'll forget about whatever was undefined.

! Undefined control sequence.
\D ->\chord 
            {t}{x,x,n,p2,p3,p2}{D}
l.61 \upchord{\C} \qquad \qquad & \upchord{\D
                                             } \qquad \qquad& \upchord{\E} \...
The control sequence at the end of the top line
of your error message was never \def'ed. If you have
misspelled it (e.g., `\hobx'), type `I' and the correct
spelling (e.g., `I\hbox'). Otherwise just continue,
and I'll forget about whatever was undefined.

! Undefined control sequence.
l.61 ...uad & \upchord{\D} \qquad \qquad& \upchord
                                                  {\E} \qquad \qquad& \upcho...
The control sequence at the end of the top line
of your error message was never \def'ed. If you have
misspelled it (e.g., `\hobx'), type `I' and the correct
spelling (e.g., `I\hbox'). Otherwise just continue,
and I'll forget about whatever was undefined.

! Undefined control sequence.
\E ->\chord 
            {t}{n,p2,p2,p1,n,n}{E}
l.61 ... & \upchord{\D} \qquad \qquad& \upchord{\E
                                                  } \qquad \qquad& \upchord{...
The control sequence at the end of the top line
of your error message was never \def'ed. If you have
misspelled it (e.g., `\hobx'), type `I' and the correct
spelling (e.g., `I\hbox'). Otherwise just continue,
and I'll forget about whatever was undefined.

! Undefined control sequence.
l.61 ...quad& \upchord{\E} \qquad \qquad& \upchord
                                                  {\G}  \qquad \qquad& \upch...
The control sequence at the end of the top line
of your error message was never \def'ed. If you have
misspelled it (e.g., `\hobx'), type `I' and the correct
spelling (e.g., `I\hbox'). Otherwise just continue,
and I'll forget about whatever was undefined.

! Undefined control sequence.
\G ->\chord 
            {t}{p3,p2,n,n,n,p3}{G}
l.61 ...d& \upchord{\E} \qquad \qquad& \upchord{\G
                                                  }  \qquad \qquad& \upchord...
The control sequence at the end of the top line
of your error message was never \def'ed. If you have
misspelled it (e.g., `\hobx'), type `I' and the correct
spelling (e.g., `I\hbox'). Otherwise just continue,
and I'll forget about whatever was undefined.

! Undefined control sequence.
l.61 ...uad& \upchord{\G}  \qquad \qquad& \upchord
                                                  {\A} \\
The control sequence at the end of the top line
of your error message was never \def'ed. If you have
misspelled it (e.g., `\hobx'), type `I' and the correct
spelling (e.g., `I\hbox'). Otherwise just continue,
and I'll forget about whatever was undefined.

! Undefined control sequence.
\A ->\chord 
            {t}{n,n,p2,p2,p2,n}{A}
l.61 ...& \upchord{\G}  \qquad \qquad& \upchord{\A
                                                  } \\
The control sequence at the end of the top line
of your error message was never \def'ed. If you have
misspelled it (e.g., `\hobx'), type `I' and the correct
spelling (e.g., `I\hbox'). Otherwise just continue,
and I'll forget about whatever was undefined.

! Undefined control sequence.
<recently read> \upchord 
                         
l.62 \upchord
             {\Cseven} \qquad \qquad & \upchord{\Dseven} \qquad \qquad& \upc...
The control sequence at the end of the top line
of your error message was never \def'ed. If you have
misspelled it (e.g., `\hobx'), type `I' and the correct
spelling (e.g., `I\hbox'). Otherwise just continue,
and I'll forget about whatever was undefined.

! Undefined control sequence.
\Cseven ->\chord 
                 {t}{n,p3,p2,p3,p1,n}{C7}
l.62 \upchord{\Cseven
                     } \qquad \qquad & \upchord{\Dseven} \qquad \qquad& \upc...
The control sequence at the end of the top line
of your error message was never \def'ed. If you have
misspelled it (e.g., `\hobx'), type `I' and the correct
spelling (e.g., `I\hbox'). Otherwise just continue,
and I'll forget about whatever was undefined.

! Undefined control sequence.
l.62 \upchord{\Cseven} \qquad \qquad & \upchord
                                               {\Dseven} \qquad \qquad& \upc...
The control sequence at the end of the top line
of your error message was never \def'ed. If you have
misspelled it (e.g., `\hobx'), type `I' and the correct
spelling (e.g., `I\hbox'). Otherwise just continue,
and I'll forget about whatever was undefined.

! Undefined control sequence.
\Dseven ->\chord 
                 {t}{n,n,n,p2,p1,p2}{D7}
l.62 ...{\Cseven} \qquad \qquad & \upchord{\Dseven
                                                  } \qquad \qquad& \upchord{...
The control sequence at the end of the top line
of your error message was never \def'ed. If you have
misspelled it (e.g., `\hobx'), type `I' and the correct
spelling (e.g., `I\hbox'). Otherwise just continue,
and I'll forget about whatever was undefined.

! Undefined control sequence.
l.62 ... \upchord{\Dseven} \qquad \qquad& \upchord
                                                  {\Eseven} \qquad \qquad& \...
The control sequence at the end of the top line
of your error message was never \def'ed. If you have
misspelled it (e.g., `\hobx'), type `I' and the correct
spelling (e.g., `I\hbox'). Otherwise just continue,
and I'll forget about whatever was undefined.

! Undefined control sequence.
\Eseven ->\chord 
                 {t}{n,p2,p2,p1,p3,n}{E7}
l.62 ...d{\Dseven} \qquad \qquad& \upchord{\Eseven
                                                  } \qquad \qquad& \upchord{...
The control sequence at the end of the top line
of your error message was never \def'ed. If you have
misspelled it (e.g., `\hobx'), type `I' and the correct
spelling (e.g., `I\hbox'). Otherwise just continue,
and I'll forget about whatever was undefined.

! Undefined control sequence.
l.62 ... \upchord{\Eseven} \qquad \qquad& \upchord
                                                  {\Gseven}  \qquad \qquad& ...
The control sequence at the end of the top line
of your error message was never \def'ed. If you have
misspelled it (e.g., `\hobx'), type `I' and the correct
spelling (e.g., `I\hbox'). Otherwise just continue,
and I'll forget about whatever was undefined.

! Undefined control sequence.
\Gseven ->\chord 
                 {t}{p3,p2,n,n,n,p1}{G7}
l.62 ...d{\Eseven} \qquad \qquad& \upchord{\Gseven
                                                  }  \qquad \qquad& \upchord...
The control sequence at the end of the top line
of your error message was never \def'ed. If you have
misspelled it (e.g., `\hobx'), type `I' and the correct
spelling (e.g., `I\hbox'). Otherwise just continue,
and I'll forget about whatever was undefined.

! Undefined control sequence.
l.62 ...\upchord{\Gseven}  \qquad \qquad& \upchord
                                                  {\Aseven} \\
The control sequence at the end of the top line
of your error message was never \def'ed. If you have
misspelled it (e.g., `\hobx'), type `I' and the correct
spelling (e.g., `I\hbox'). Otherwise just continue,
and I'll forget about whatever was undefined.

! Undefined control sequence.
\Aseven ->\chord 
                 {t}{n,n,p2,n,p2,n}{A7}
l.62 ...{\Gseven}  \qquad \qquad& \upchord{\Aseven
                                                  } \\
The control sequence at the end of the top line
of your error message was never \def'ed. If you have
misspelled it (e.g., `\hobx'), type `I' and the correct
spelling (e.g., `I\hbox'). Otherwise just continue,
and I'll forget about whatever was undefined.

! Undefined control sequence.
<recently read> \upchord 
                         
l.63 \upchord
             {\Cm}\qquad \qquad & \upchord{\Dm} \qquad \qquad& \upchord{\Em}...
The control sequence at the end of the top line
of your error message was never \def'ed. If you have
misspelled it (e.g., `\hobx'), type `I' and the correct
spelling (e.g., `I\hbox'). Otherwise just continue,
and I'll forget about whatever was undefined.

! Undefined control sequence.
\Cm ->\chord 
             {t}{x,x,p5,p5,p4,p3}{Cm}
l.63 \upchord{\Cm
                 }\qquad \qquad & \upchord{\Dm} \qquad \qquad& \upchord{\Em}...
The control sequence at the end of the top line
of your error message was never \def'ed. If you have
misspelled it (e.g., `\hobx'), type `I' and the correct
spelling (e.g., `I\hbox'). Otherwise just continue,
and I'll forget about whatever was undefined.

! Undefined control sequence.
l.63 \upchord{\Cm}\qquad \qquad & \upchord
                                          {\Dm} \qquad \qquad& \upchord{\Em}...
The control sequence at the end of the top line
of your error message was never \def'ed. If you have
misspelled it (e.g., `\hobx'), type `I' and the correct
spelling (e.g., `I\hbox'). Otherwise just continue,
and I'll forget about whatever was undefined.

! Undefined control sequence.
\Dm ->\chord 
             {t}{x,x,n,p2,p3,p1}{Dm}
l.63 \upchord{\Cm}\qquad \qquad & \upchord{\Dm
                                              } \qquad \qquad& \upchord{\Em}...
The control sequence at the end of the top line
of your error message was never \def'ed. If you have
misspelled it (e.g., `\hobx'), type `I' and the correct
spelling (e.g., `I\hbox'). Otherwise just continue,
and I'll forget about whatever was undefined.

! Undefined control sequence.
l.63 ...ad & \upchord{\Dm} \qquad \qquad& \upchord
                                                  {\Em} \qquad \qquad&  \upc...
The control sequence at the end of the top line
of your error message was never \def'ed. If you have
misspelled it (e.g., `\hobx'), type `I' and the correct
spelling (e.g., `I\hbox'). Otherwise just continue,
and I'll forget about whatever was undefined.

! Undefined control sequence.
\Em ->\chord 
             {t}{n,p2,p2,n,n,n}{Em}
l.63 ... \upchord{\Dm} \qquad \qquad& \upchord{\Em
                                                  } \qquad \qquad&  \upchord...
The control sequence at the end of the top line
of your error message was never \def'ed. If you have
misspelled it (e.g., `\hobx'), type `I' and the correct
spelling (e.g., `I\hbox'). Otherwise just continue,
and I'll forget about whatever was undefined.

! Undefined control sequence.
l.63 ...ad& \upchord{\Em} \qquad \qquad&  \upchord
                                                  {\Gm} \qquad \qquad& \upch...
The control sequence at the end of the top line
of your error message was never \def'ed. If you have
misspelled it (e.g., `\hobx'), type `I' and the correct
spelling (e.g., `I\hbox'). Otherwise just continue,
and I'll forget about whatever was undefined.

! Undefined control sequence.
\Gm ->\chord 
             {t}{n,n,p5,p3,p3,p3}{Gm}
l.63 ...\upchord{\Em} \qquad \qquad&  \upchord{\Gm
                                                  } \qquad \qquad& \upchord{...
The control sequence at the end of the top line
of your error message was never \def'ed. If you have
misspelled it (e.g., `\hobx'), type `I' and the correct
spelling (e.g., `I\hbox'). Otherwise just continue,
and I'll forget about whatever was undefined.

! Undefined control sequence.
l.63 ...ad&  \upchord{\Gm} \qquad \qquad& \upchord
                                                  {\Am} \\
The control sequence at the end of the top line
of your error message was never \def'ed. If you have
misspelled it (e.g., `\hobx'), type `I' and the correct
spelling (e.g., `I\hbox'). Otherwise just continue,
and I'll forget about whatever was undefined.

! Undefined control sequence.
\Am ->\chord 
             {t}{x,n,p2,p2,p1,n}{Am}
l.63 ... \upchord{\Gm} \qquad \qquad& \upchord{\Am
                                                  } \\
The control sequence at the end of the top line
of your error message was never \def'ed. If you have
misspelled it (e.g., `\hobx'), type `I' and the correct
spelling (e.g., `I\hbox'). Otherwise just continue,
and I'll forget about whatever was undefined.


Overfull \hbox (460.18227pt too wide) detected at line 67
[]
 []

)
Missing character: There is no - in font nullfont!
Missing character: There is no r in font nullfont!
Missing character: There is no e in font nullfont!
Missing character: There is no c in font nullfont!
Missing character: There is no o in font nullfont!
Missing character: There is no r in font nullfont!
Missing character: There is no d in font nullfont!
Missing character: There is no e in font nullfont!
Missing character: There is no r in font nullfont!

! Emergency stop.
<*> chords.tex -recorder
                        
*** (job aborted, no legal \end found)

 
Here is how much of TeX's memory you used:
 21 strings out of 494501
 223 string characters out of 6167029
 49480 words of memory out of 5000000
 3402 multiletter control sequences out of 15000+600000
 3640 words of font info for 14 fonts, out of 8000000 for 9000
 319 hyphenation exceptions out of 8191
 17i,7n,12p,177b,83s stack positions out of 5000i,500n,10000p,200000b,80000s
!  ==> Fatal error occurred, no output PDF file produced!
