\BOOKMARK [1][-]{section.1}{\376\377\000\040\0001\0009\0007\0000}{}% 1
\BOOKMARK [1][-]{section.2}{\376\377\000\040\0001\000.\000\040\000s\000i\000g\000n\000\341\000l\000n\000\355}{}% 2
\BOOKMARK [1][-]{section.3}{\376\377\000\040\000A\000m\000e\000r\000i\000k\000a}{}% 3
\BOOKMARK [1][-]{section.4}{\376\377\000\040\000A\000n\000d\001\033\000l}{}% 4
\BOOKMARK [1][-]{section.5}{\376\377\000\040\000B\000a\000t\000a\000l\000i\000o\000n}{}% 5
\BOOKMARK [1][-]{section.6}{\376\377\000\040\000B\000e\000d\000n\000a\000\040\000v\000o\000d\000\040\000w\000h\000i\000s\000k\000y}{}% 6
\BOOKMARK [1][-]{section.7}{\376\377\000\040\000B\000l\000\341\000z\000n\000o\000v\000a\000\040\000u\000k\000o\000l\000\351\000b\000a\000v\000k\000a}{}% 7
\BOOKMARK [1][-]{section.8}{\376\377\000\040\000B\000u\000r\000\341\000k\000y}{}% 8
\BOOKMARK [1][-]{section.9}{\376\377\000\040\001\014\000e\000r\000n\000\355\000\040\000a\000n\000d\001\033\000l\000\351}{}% 9
\BOOKMARK [1][-]{section.10}{\376\377\000\040\000C\000e\000s\000t\000a}{}% 10
\BOOKMARK [1][-]{section.11}{\376\377\000\040\000D\000\341\000v\000n\000o}{}% 11
\BOOKMARK [1][-]{section.12}{\376\377\000\040\000D\000i\000v\000o\000k\000\375\000\040\000k\000o\000n\001\033}{}% 12
\BOOKMARK [1][-]{section.13}{\376\377\000\040\000D\000l\000o\000u\000h\000e\000j\000\040\000k\000o\000u\001\131}{}% 13
\BOOKMARK [1][-]{section.14}{\376\377\000\040\000D\000o\000b\000r\000\341\000k\000\040\000o\000d\000\040\000k\000o\000s\000t\000i}{}% 14
\BOOKMARK [1][-]{section.15}{\376\377\000\040\000D\000r\000o\000b\000n\000\341\000\040\000p\000a\000r\000a\000l\000e\000l\000a}{}% 15
\BOOKMARK [1][-]{section.16}{\376\377\000\040\000F\000r\000a\000n\000k\000y\000\040\000D\000l\000o\000u\000h\000\341\000n}{}% 16
\BOOKMARK [1][-]{section.17}{\376\377\000\040\000H\000e\000j\000\040\001\015\000l\000o\000v\001\033\001\015\000e\000\040\000b\000o\001\176\000\355}{}% 17
\BOOKMARK [1][-]{section.18}{\376\377\000\040\000H\000l\000\355\000d\000a\001\015\000\040\000k\000r\000a\000v}{}% 18
\BOOKMARK [1][-]{section.19}{\376\377\000\040\000H\000o\000l\000u\000b\000\355\000\040\000d\001\157\000m}{}% 19
\BOOKMARK [1][-]{section.20}{\376\377\000\040\000J\000a\000h\000o\000d\000y\000\040\000M\000r\000a\001\176\000e\000n\000\375}{}% 20
\BOOKMARK [1][-]{section.21}{\376\377\000\040\000K\000d\000y\001\176\000\040\000m\001\033\000\040\000b\000r\000a\000l\000i\000\040\000z\000a\000\040\000v\000o\000j\000\341\000k\000a}{}% 21
\BOOKMARK [1][-]{section.22}{\376\377\000\040\000K\000d\000y\001\176\000\040\000n\000\341\001\141\000\040\000t\000\341\000t\000a\000\040\000h\000r\000\341\000l}{}% 22
\BOOKMARK [1][-]{section.23}{\376\377\000\040\000K\000o\000m\000e\000t\000a}{}% 23
\BOOKMARK [1][-]{section.24}{\376\377\000\040\000K\000o\000z\000e\000l}{}% 24
\BOOKMARK [1][-]{section.25}{\376\377\000\040\000N\000\341\000h\000r\000o\000b\000n\000\355\000\040\000k\000\341\000m\000e\000n}{}% 25
\BOOKMARK [1][-]{section.26}{\376\377\000\040\000O\000k\000o\001\131}{}% 26
\BOOKMARK [1][-]{section.27}{\376\377\000\040\000P\000a\000n\000e\000n\000k\000a}{}% 27
\BOOKMARK [1][-]{section.28}{\376\377\000\040\000P\000o\000j\001\017\000m\000e\000\040\000s\000e\000\040\000n\000a\000p\000\355\000t}{}% 28
\BOOKMARK [1][-]{section.29}{\376\377\000\040\000R\000\341\000n\000a\000\040\000v\000\040\000t\000r\000\341\000v\001\033}{}% 29
\BOOKMARK [1][-]{section.30}{\376\377\000\040\001\130\000e\000k\000n\000i\000,\000\040\000k\000d\000e\000\040\000t\000y\000\040\000k\000y\000t\000k\000y\000\040\000j\000s\000o\000u}{}% 30
\BOOKMARK [1][-]{section.31}{\376\377\000\040\000R\000i\000p\000t\000i\000d\000e}{}% 31
\BOOKMARK [1][-]{section.32}{\376\377\000\040\000S\000e\000v\000e\000r\000n\000\355\000\040\000v\000\355\000t\000r}{}% 32
\BOOKMARK [1][-]{section.33}{\376\377\000\040\000S\000l\000a\000v\000\355\000c\000i\000\040\000z\000\040\000M\000a\000d\000r\000i\000d\000u}{}% 33
\BOOKMARK [1][-]{section.34}{\376\377\000\040\000S\000l\000z\000y\000\040\000t\000v\000\375\000\040\000m\000\341\000m\000y}{}% 34
\BOOKMARK [1][-]{section.35}{\376\377\000\040\000S\000t\000a\000r\000a\000\040\000a\000r\000c\000h\000a}{}% 35
\BOOKMARK [1][-]{section.36}{\376\377\000\040\000T\000i\000s\000\355\000c\000\040\000m\000i\000l}{}% 36
\BOOKMARK [1][-]{section.37}{\376\377\000\040\000T\000r\000a\000j\000d\000a\000\040\000c\000o\000p\000a\000t\000\341}{}% 37
\BOOKMARK [1][-]{section.38}{\376\377\000\040\000T\001\131\000i\000\040\000k\001\131\000\355\001\176\000e}{}% 38
\BOOKMARK [1][-]{section.39}{\376\377\000\040\000V\000e\001\017\000\040\000m\001\033\000\040\000d\000\341\000l\000,\000\040\000c\000e\000s\000t\000o\000\040\000m\000\341}{}% 39
\BOOKMARK [1][-]{section.40}{\376\377\000\040\000W\000i\000s\000h\000\040\000y\000o\000u\000\040\000w\000e\000r\000e\000\040\000h\000e\000r\000e}{}% 40
\BOOKMARK [1][-]{section.41}{\376\377\000\040\000Z\000a\000f\000\372\000k\000a\000n\000\351}{}% 41
\BOOKMARK [1][-]{section.42}{\376\377\000\040\000Z\000a\000h\000r\000a\000d\000a\000\040\000t\000i\000c\000h\000a}{}% 42
\BOOKMARK [1][-]{section.43}{\376\377\000\040\000Z\000a\000t\000a\000n\001\015\000i}{}% 43
\BOOKMARK [1][-]{section.44}{\376\377\000\040\001\175\000e\000l\000v\000a}{}% 44
\BOOKMARK [1][-]{section.45}{\376\377\000\040\000Z\000u\000z\000a\000n\000a}{}% 45
\BOOKMARK [1][-]{section.46}{\376\377\000\040\000V\000l\000t\000a\000v\000a\000\040\000T\000O\000U\000R}{}% 46
\BOOKMARK [1][-]{section.47}{\376\377\000\040\000O\000h\001\131\000e\000\040\000T\000O\000U\000R}{}% 47
